   YearlyIncome             ...              CommuteDistance_5-10 Miles
0       90000.0             ...                                       0
1       60000.0             ...                                       0
2       60000.0             ...                                       0
3       70000.0             ...                                       1
4       80000.0             ...                                       0

[5 rows x 26 columns]
Ksztalt zbioru treningowego (1000, 25)
|   iter    |  target   | max_depth | min_sa... | n_esti... |
-------------------------------------------------------------
| [0m 1       [0m | [0m 0.7671  [0m | [0m 38.32   [0m | [0m 9.52    [0m | [0m 917.4   [0m |
| [95m 2       [0m | [95m 0.7775  [0m | [95m 107.1   [0m | [95m 6.613   [0m | [95m 465.9   [0m |
| [95m 3       [0m | [95m 0.788   [0m | [95m 74.36   [0m | [95m 2.613   [0m | [95m 585.5   [0m |
| [0m 4       [0m | [0m 0.7671  [0m | [0m 97.02   [0m | [0m 9.562   [0m | [0m 995.7   [0m |
| [0m 5       [0m | [0m 0.7677  [0m | [0m 60.76   [0m | [0m 7.132   [0m | [0m 82.48   [0m |
| [0m 6       [0m | [0m 0.7453  [0m | [0m 147.3   [0m | [0m 6.53    [0m | [0m 10.02   [0m |
| [0m 7       [0m | [0m 0.6409  [0m | [0m 1.956   [0m | [0m 8.253   [0m | [0m 999.6   [0m |
| [0m 8       [0m | [0m 0.7698  [0m | [0m 149.8   [0m | [0m 8.938   [0m | [0m 784.4   [0m |
| [0m 9       [0m | [0m 0.6437  [0m | [0m 1.0     [0m | [0m 10.0    [0m | [0m 368.1   [0m |
| [0m 10      [0m | [0m 0.6296  [0m | [0m 1.0     [0m | [0m 2.0     [0m | [0m 10.0    [0m |
| [0m 11      [0m | [0m 0.7867  [0m | [0m 150.0   [0m | [0m 2.0     [0m | [0m 227.4   [0m |
| [0m 12      [0m | [0m 0.6414  [0m | [0m 1.0     [0m | [0m 10.0    [0m | [0m 729.7   [0m |
| [0m 13      [0m | [0m 0.7658  [0m | [0m 150.0   [0m | [0m 10.0    [0m | [0m 580.5   [0m |
| [0m 14      [0m | [0m 0.7868  [0m | [0m 150.0   [0m | [0m 2.0     [0m | [0m 921.5   [0m |
| [0m 15      [0m | [0m 0.7616  [0m | [0m 150.0   [0m | [0m 10.0    [0m | [0m 126.0   [0m |
| [0m 16      [0m | [0m 0.7854  [0m | [0m 73.92   [0m | [0m 2.0     [0m | [0m 202.3   [0m |
| [0m 17      [0m | [0m 0.7865  [0m | [0m 94.98   [0m | [0m 2.061   [0m | [0m 861.6   [0m |
| [95m 18      [0m | [95m 0.7887  [0m | [95m 148.7   [0m | [95m 2.131   [0m | [95m 367.5   [0m |
| [0m 19      [0m | [0m 0.767   [0m | [0m 113.4   [0m | [0m 9.887   [0m | [0m 290.0   [0m |
| [0m 20      [0m | [0m 0.767   [0m | [0m 113.5   [0m | [0m 9.983   [0m | [0m 902.1   [0m |
| [0m 21      [0m | [0m 0.7877  [0m | [0m 129.4   [0m | [0m 2.082   [0m | [0m 677.4   [0m |
| [0m 22      [0m | [0m 0.7846  [0m | [0m 148.6   [0m | [0m 3.357   [0m | [0m 999.9   [0m |
| [0m 23      [0m | [0m 0.7868  [0m | [0m 147.0   [0m | [0m 2.02    [0m | [0m 487.6   [0m |
| [0m 24      [0m | [0m 0.7784  [0m | [0m 106.2   [0m | [0m 2.053   [0m | [0m 116.7   [0m |
| [0m 25      [0m | [0m 0.7875  [0m | [0m 115.0   [0m | [0m 2.038   [0m | [0m 542.9   [0m |
| [0m 26      [0m | [0m 0.7865  [0m | [0m 96.57   [0m | [0m 2.063   [0m | [0m 939.0   [0m |
| [0m 27      [0m | [0m 0.788   [0m | [0m 124.2   [0m | [0m 2.024   [0m | [0m 617.6   [0m |
| [95m 28      [0m | [95m 0.7888  [0m | [95m 147.7   [0m | [95m 2.016   [0m | [95m 406.0   [0m |
| [0m 29      [0m | [0m 0.788   [0m | [0m 149.8   [0m | [0m 2.071   [0m | [0m 308.2   [0m |
| [0m 30      [0m | [0m 0.7849  [0m | [0m 109.1   [0m | [0m 2.046   [0m | [0m 191.1   [0m |
| [0m 31      [0m | [0m 0.7876  [0m | [0m 150.0   [0m | [0m 2.0     [0m | [0m 673.0   [0m |
| [0m 32      [0m | [0m 0.7863  [0m | [0m 115.3   [0m | [0m 2.045   [0m | [0m 758.7   [0m |
| [0m 33      [0m | [0m 0.7873  [0m | [0m 149.6   [0m | [0m 2.352   [0m | [0m 991.7   [0m |
| [0m 34      [0m | [0m 0.7877  [0m | [0m 116.3   [0m | [0m 2.011   [0m | [0m 545.5   [0m |
| [0m 35      [0m | [0m 0.7866  [0m | [0m 100.9   [0m | [0m 2.024   [0m | [0m 935.1   [0m |
| [0m 36      [0m | [0m 0.7888  [0m | [0m 117.3   [0m | [0m 2.023   [0m | [0m 374.3   [0m |
| [0m 37      [0m | [0m 0.7876  [0m | [0m 106.3   [0m | [0m 2.032   [0m | [0m 643.9   [0m |
| [0m 38      [0m | [0m 0.7882  [0m | [0m 148.3   [0m | [0m 2.023   [0m | [0m 432.1   [0m |
| [0m 39      [0m | [0m 0.7863  [0m | [0m 106.4   [0m | [0m 2.019   [0m | [0m 859.2   [0m |
| [0m 40      [0m | [0m 0.7865  [0m | [0m 147.4   [0m | [0m 2.084   [0m | [0m 945.9   [0m |
| [0m 41      [0m | [0m 0.7871  [0m | [0m 120.4   [0m | [0m 2.0     [0m | [0m 257.7   [0m |
| [0m 42      [0m | [0m 0.7881  [0m | [0m 114.4   [0m | [0m 2.0     [0m | [0m 591.3   [0m |
| [0m 43      [0m | [0m 0.7873  [0m | [0m 108.5   [0m | [0m 2.008   [0m | [0m 475.3   [0m |
| [0m 44      [0m | [0m 0.7825  [0m | [0m 97.17   [0m | [0m 2.029   [0m | [0m 166.4   [0m |
| [0m 45      [0m | [0m 0.7871  [0m | [0m 149.9   [0m | [0m 2.011   [0m | [0m 706.8   [0m |
| [0m 46      [0m | [0m 0.7879  [0m | [0m 149.2   [0m | [0m 2.212   [0m | [0m 332.3   [0m |
| [0m 47      [0m | [0m 0.787   [0m | [0m 150.0   [0m | [0m 2.05    [0m | [0m 508.9   [0m |
| [0m 48      [0m | [0m 0.7878  [0m | [0m 145.0   [0m | [0m 2.0     [0m | [0m 611.8   [0m |
| [0m 49      [0m | [0m 0.7863  [0m | [0m 149.9   [0m | [0m 2.028   [0m | [0m 840.3   [0m |
| [0m 50      [0m | [0m 0.7867  [0m | [0m 103.0   [0m | [0m 2.007   [0m | [0m 904.3   [0m |
| [95m 51      [0m | [95m 0.7889  [0m | [95m 122.0   [0m | [95m 2.035   [0m | [95m 395.4   [0m |
| [0m 52      [0m | [0m 0.7868  [0m | [0m 149.9   [0m | [0m 2.169   [0m | [0m 997.2   [0m |
| [0m 53      [0m | [0m 0.7877  [0m | [0m 111.8   [0m | [0m 2.061   [0m | [0m 551.3   [0m |
| [0m 54      [0m | [0m 0.7885  [0m | [0m 150.0   [0m | [0m 2.0     [0m | [0m 403.1   [0m |
| [0m 55      [0m | [0m 0.7859  [0m | [0m 108.5   [0m | [0m 2.033   [0m | [0m 807.2   [0m |
=============================================================

Best parameters:
                        value
max_depth          121.967155
min_samples_split    2.035473
n_estimators       395.415307

AUC ROC: 	 0.786
GINI:    	 0.572
F1_max: 	 0.734

For F1_max:
Threshold: 	 0.415
Recall: 	 0.831
Precision: 	 0.658
Accuracy: 	 0.716

Confusion matrix:
[[81 51]
 [20 98]]

Classification report:
              precision    recall  f1-score   support

           0       0.80      0.61      0.70       132
           1       0.66      0.83      0.73       118

   micro avg       0.72      0.72      0.72       250
   macro avg       0.73      0.72      0.71       250
weighted avg       0.73      0.72      0.71       250

rfc : AUC= 0.786209553159

AUC ROC: 	 0.786
GINI:    	 0.572
F1_max: 	 0.734

For F1_max:
Threshold: 	 0.415
Recall: 	 0.831
Precision: 	 0.658
Accuracy: 	 0.716

Confusion matrix:
[[81 51]
 [20 98]]

Classification report:
              precision    recall  f1-score   support

           0       0.80      0.61      0.70       132
           1       0.66      0.83      0.73       118

   micro avg       0.72      0.72      0.72       250
   macro avg       0.73      0.72      0.71       250
weighted avg       0.73      0.72      0.71       250


Feature importances:
                                 feature  importance
5                                    Age    0.206434
0                           YearlyIncome    0.137387
1                          TotalChildren    0.095332
4                        NumberCarsOwned    0.078508
2                   NumberChildrenAtHome    0.053296
23             CommuteDistance_2-5 Miles    0.032546
9                               Gender_M    0.031227
8                               Gender_F    0.029155
3                         HouseOwnerFlag    0.027778
19      EnglishOccupation_Skilled Manual    0.027301
10            EnglishEducation_Bachelors    0.025806
21             CommuteDistance_1-2 Miles    0.024379
18        EnglishOccupation_Professional    0.023705
7                        MaritalStatus_S    0.022655
20             CommuteDistance_0-1 Miles    0.022623
6                        MaritalStatus_M    0.021730
24            CommuteDistance_5-10 Miles    0.021165
13      EnglishEducation_Partial College    0.021055
11      EnglishEducation_Graduate Degree    0.019232
12          EnglishEducation_High School    0.016608
15            EnglishOccupation_Clerical    0.015044
22             CommuteDistance_10+ Miles    0.012870
16          EnglishOccupation_Management    0.012806
17              EnglishOccupation_Manual    0.011458
14  EnglishEducation_Partial High School    0.009899
